[2016-06-27 04:18:19] /mall/s-31-0-0-1-1-1-1-2-0.html ( app=search&wwi=index ) 
ERR: Db Error: Unknown column 'have_gift' in 'where clause'
SELECT COUNT(*) AS nc_count FROM `shopwwi_goods_common` WHERE ( gc_id_3 = '31' ) AND ( areaid_1 = '2' ) AND ( is_own_mall = '1' ) AND ( have_gift = '1' ) LIMIT 1  
[2016-06-27 04:18:29] /mall/s-94-0-0-2-2-1-1-7-0.html ( app=search&wwi=index ) 
ERR: Db Error: Unknown column 'have_gift' in 'where clause'
SELECT COUNT(*) AS nc_count FROM `shopwwi_goods_common` WHERE ( gc_id_3 = '94' ) AND ( areaid_1 = '7' ) AND ( is_own_mall = '1' ) AND ( have_gift = '1' ) LIMIT 1  
[2016-06-27 04:18:31] /mall/s-31-0-0-3-1-0-1-14-0.html ( app=search&wwi=index ) 
ERR: Db Error: Unknown column 'have_gift' in 'where clause'
SELECT COUNT(*) AS nc_count FROM `shopwwi_goods_common` WHERE ( gc_id_3 = '31' ) AND ( areaid_1 = '14' ) AND ( have_gift = '1' ) LIMIT 1  
[2016-06-27 04:18:32] /mall/s-94-0-0-1-1-0-1-4-0.html ( app=search&wwi=index ) 
ERR: Db Error: Unknown column 'have_gift' in 'where clause'
SELECT COUNT(*) AS nc_count FROM `shopwwi_goods_common` WHERE ( gc_id_3 = '94' ) AND ( areaid_1 = '4' ) AND ( have_gift = '1' ) LIMIT 1  
[2016-06-27 10:06:13] /mall/index.php?app=search&wwi=index&keyword=%E5%8A%B3%E5%8A%9B%E5%A3%AB&key=3&order=2&ci=1 ( app=search&wwi=index ) 
ERR: Db Error: Unknown column 'contract_1' in 'where clause'
SELECT COUNT(*) AS nc_count FROM `shopwwi_goods_common` WHERE ( (goods_name LIKE '%劳力士%') OR (goods_jingle LIKE '%劳力士%') ) AND ( contract_1 = '1' ) LIMIT 1  
[2016-06-27 10:06:16] /mall/index.php?app=search&wwi=index&keyword=%E5%8A%B3%E5%8A%9B%E5%A3%AB&key=3&order=2&ci=1&area_id=9 ( app=search&wwi=index ) 
ERR: Db Error: Unknown column 'contract_1' in 'where clause'
SELECT COUNT(*) AS nc_count FROM `shopwwi_goods_common` WHERE ( (goods_name LIKE '%劳力士%') OR (goods_jingle LIKE '%劳力士%') ) AND ( areaid_1 = '9' ) AND ( contract_1 = '1' ) LIMIT 1  
[2016-06-27 10:06:20] /mall/index.php?app=search&wwi=index&keyword=%E5%8A%B3%E5%8A%9B%E5%A3%AB&key=3&order=2&ci=1&area_id=1 ( app=search&wwi=index ) 
ERR: Db Error: Unknown column 'contract_1' in 'where clause'
SELECT COUNT(*) AS nc_count FROM `shopwwi_goods_common` WHERE ( (goods_name LIKE '%劳力士%') OR (goods_jingle LIKE '%劳力士%') ) AND ( areaid_1 = '1' ) AND ( contract_1 = '1' ) LIMIT 1  
[2016-06-27 10:11:13] /mall/index.php?app=search&wwi=index&keyword=%E5%8A%B3%E5%8A%9B%E5%A3%AB&key=3&order=2&ci=1&area_id=1 ( app=search&wwi=index ) 
ERR: Db Error: Unknown column 'contract_1' in 'where clause'
SELECT COUNT(*) AS nc_count FROM `shopwwi_goods_common` WHERE ( (goods_name LIKE '%劳力士%') OR (goods_jingle LIKE '%劳力士%') ) AND ( areaid_1 = '1' ) AND ( contract_1 = '1' ) LIMIT 1  
[2016-06-27 10:12:01] /mall/index.php?order=2&ci=1&area_id=1&app=search&key=3&keyword=%C3%A5%C2%8A%C2%B3%C3%A5%C2%8A%C2%9B%C3%A5%C2%A3%C2%AB&wwi=index ( app=search&wwi=index ) 
ERR: Db Error: Unknown column 'contract_1' in 'where clause'
SELECT COUNT(*) AS nc_count FROM `shopwwi_goods_common` WHERE ( (goods_name LIKE '%å³åå£«%') OR (goods_jingle LIKE '%å³åå£«%') ) AND ( areaid_1 = '1' ) AND ( contract_1 = '1' ) LIMIT 1  
[2016-06-27 10:12:02] /mall/index.php?order=2&ci=1&area_id=1&app=search&key=3&keyword=%C3%A5%C2%8A%C2%B3%C3%A5%C2%8A%C2%9B%C3%A5%C2%A3%C2%AB&wwi=index&yundun=0fa34a26432d03fe3daf ( app=search&wwi=index ) 
ERR: Db Error: Unknown column 'contract_1' in 'where clause'
SELECT COUNT(*) AS nc_count FROM `shopwwi_goods_common` WHERE ( (goods_name LIKE '%å³åå£«%') OR (goods_jingle LIKE '%å³åå£«%') ) AND ( areaid_1 = '1' ) AND ( contract_1 = '1' ) LIMIT 1  
[2016-06-27 12:46:40] /tfx/index.php?app=goods ( app=goods&wwi=index ) 
ERR: Db Error: Unknown column 'tfx_sort' in 'order clause'
SELECT micro_goods.*,member.member_name,member.member_avatar FROM `shopwwi_micro_goods` AS `micro_goods` LEFT JOIN `shopwwi_member` AS `member` ON micro_goods.commend_member_id = member.member_id ORDER BY tfx_sort asc,commend_time desc LIMIT 0,35  
[2016-06-27 12:46:54] /tfx/index.php?app=goods ( app=goods&wwi=index ) 
ERR: Db Error: Unknown column 'tfx_sort' in 'order clause'
SELECT micro_goods.*,member.member_name,member.member_avatar FROM `shopwwi_micro_goods` AS `micro_goods` LEFT JOIN `shopwwi_member` AS `member` ON micro_goods.commend_member_id = member.member_id ORDER BY tfx_sort asc,commend_time desc LIMIT 0,35  
[2016-06-27 12:47:00] /tfx/index.php?app=goods ( app=goods&wwi=index ) 
ERR: Db Error: Unknown column 'tfx_sort' in 'order clause'
SELECT micro_goods.*,member.member_name,member.member_avatar FROM `shopwwi_micro_goods` AS `micro_goods` LEFT JOIN `shopwwi_member` AS `member` ON micro_goods.commend_member_id = member.member_id ORDER BY tfx_sort asc,commend_time desc LIMIT 0,35  
