[2017-06-06 00:15:33] /admin/modules/mall/index.php?app=servicer_store&wwi=store_bind_class&store_id=11 ( app=servicer_store&wwi=store_bind_class ) 
ERR: Db Error: Column 'store_id' in where clause is ambiguous
SELECT * FROM `si_store_bind_class` AS `store_bind_class` LEFT JOIN `si_store` AS `store` ON store_bind_class.store_id=store.store_id WHERE ( store_id = '11' ) AND ( state IN ('1','2') ) LIMIT 1000  
[2017-06-06 00:21:03] /admin/modules/mall/index.php?app=servicer_store&wwi=store_bind_class&store_id=6 ( app=servicer_store&wwi=store_bind_class ) 
ERR: Db Error: Column 'store_id' in where clause is ambiguous
SELECT * FROM `si_store_bind_class` AS `store_bind_class` LEFT JOIN `si_store` AS `store` ON store_bind_class.store_id=store.store_id WHERE ( store_id = '6' ) AND ( state IN ('1','2') ) LIMIT 1000  
[2017-06-06 21:54:39] /admin/modules/mall/index.php?app=supplier_store&wwi=store_bind_class&store_id=12 ( app=supplier_store&wwi=store_bind_class ) 
ERR: Db Error: Column 'store_id' in where clause is ambiguous
SELECT * FROM `si_store_bind_class` AS `store_bind_class` LEFT JOIN `si_store` AS `store` ON store_bind_class.store_id=store.store_id WHERE ( store_id = '12' ) AND ( state IN ('1','2') ) LIMIT 1000  
[2017-06-06 21:54:59] /admin/modules/mall/index.php?app=servicer_store&wwi=store_bind_class&store_id=11 ( app=servicer_store&wwi=store_bind_class ) 
ERR: Db Error: Column 'store_id' in where clause is ambiguous
SELECT * FROM `si_store_bind_class` AS `store_bind_class` LEFT JOIN `si_store` AS `store` ON store_bind_class.store_id=store.store_id WHERE ( store_id = '11' ) AND ( state IN ('1','2') ) LIMIT 1000  
[2017-06-06 22:20:45] /admin/modules/mall/index.php?app=supplier_store&wwi=store_bind_class&store_id=10 ( app=supplier_store&wwi=store_bind_class ) 
ERR: Db Error: Column 'store_id' in where clause is ambiguous
SELECT * FROM `si_store_bind_class` AS `store_bind_class` LEFT JOIN `si_store` AS `store` ON store_bind_class.store_id=store.store_id WHERE ( store_id = '10' ) AND ( state IN ('1','2') ) LIMIT 1000  
[2017-06-06 22:21:51] /admin/modules/mall/index.php?app=supplier_store&wwi=store_bind_class&store_id=12 ( app=supplier_store&wwi=store_bind_class ) 
ERR: Db Error: Column 'store_id' in where clause is ambiguous
SELECT * FROM `si_store_bind_class` AS `store_bind_class` LEFT JOIN `si_store` AS `store` ON store_bind_class.store_id=store.store_id WHERE ( store_id = '12' ) AND ( state IN ('1','2') ) LIMIT 1000  
[2017-06-06 22:36:20] /admin/modules/mall/index.php?app=servicer_store&wwi=store_bind_area&store_id=11 ( app=servicer_store&wwi=store_bind_area ) 
ERR: Db Error: Column 'store_id' in where clause is ambiguous
SELECT * FROM `si_store_bind_area` AS `store_bind_area` LEFT JOIN `si_store` AS `store` ON store_bind_area.store_id=store.store_id WHERE ( store_id = '11' ) AND ( state = '1' ) LIMIT 1000  
[2017-06-06 22:38:07] /admin/modules/mall/index.php?app=supplier_store&wwi=store_bind_class&store_id=7 ( app=supplier_store&wwi=store_bind_class ) 
ERR: Db Error: Column 'store_id' in where clause is ambiguous
SELECT * FROM `si_store_bind_class` AS `store_bind_class` LEFT JOIN `si_store` AS `store` ON store_bind_class.store_id=store.store_id WHERE ( store_id = '7' ) AND ( state IN ('1','2') ) LIMIT 1000  
